<testsuites name="jest tests">
  <testsuite name="Evaluasi API todos" errors="0" failures="0" skipped="0" timestamp="2018-01-31T07:51:26" time="1.238" tests="6">
    <testcase classname="Evaluasi API todos Meminta Sistem menampilkan seluruh daftar todos Sistem harus mengembalikan daftar todos" name="Evaluasi API todos Meminta Sistem menampilkan seluruh daftar todos Sistem harus mengembalikan daftar todos" time="0.437">
    </testcase>
    <testcase classname="Evaluasi API todos Membuat Todo baru Sistem menyimpan todo baru dan memberika pesan sukses &quot;Insert new todo successfuly&quot;" name="Evaluasi API todos Membuat Todo baru Sistem menyimpan todo baru dan memberika pesan sukses &quot;Insert new todo successfuly&quot;" time="0.051">
    </testcase>
    <testcase classname="Evaluasi API todos Membuat Todo baru Sistem gagal menyimpan todo baru karena data input tidak lengkap dan memberikan pesan gagal &quot;Insert new todo failed&quot;" name="Evaluasi API todos Membuat Todo baru Sistem gagal menyimpan todo baru karena data input tidak lengkap dan memberikan pesan gagal &quot;Insert new todo failed&quot;" time="0.023">
    </testcase>
    <testcase classname="Evaluasi API todos Meminta Sistem menampilkan sebuah todo berdasarkan ID Sistem harus mengembalikan sebuah todo berdasarkan ID" name="Evaluasi API todos Meminta Sistem menampilkan sebuah todo berdasarkan ID Sistem harus mengembalikan sebuah todo berdasarkan ID" time="0.042">
    </testcase>
    <testcase classname="Evaluasi API todos Merubah Todo dengan data berbeda Sistem merubah todo dengan data berbeda dan memberikan pesan sukses &quot;Update new todo successfuly&quot;" name="Evaluasi API todos Merubah Todo dengan data berbeda Sistem merubah todo dengan data berbeda dan memberikan pesan sukses &quot;Update new todo successfuly&quot;" time="0.056">
    </testcase>
    <testcase classname="Evaluasi API todos Menghapus data Todo Sistem menghapus todo dan memberikan pesan sukses &quot;Delete new todo successfuly&quot;" name="Evaluasi API todos Menghapus data Todo Sistem menghapus todo dan memberikan pesan sukses &quot;Delete new todo successfuly&quot;" time="0.094">
    </testcase>
  </testsuite>
  <testsuite name="Cek end point API - todo-apps-api.apps.playcourt.id" errors="0" failures="0" skipped="0" timestamp="2018-01-31T07:51:28" time="0.128" tests="1">
    <testcase classname="Cek end point API - todo-apps-api.apps.playcourt.id End point mengembalikan pesan &quot;Wellcome to TODO Apps API&quot;" name="Cek end point API - todo-apps-api.apps.playcourt.id End point mengembalikan pesan &quot;Wellcome to TODO Apps API&quot;" time="0.004">
    </testcase>
  </testsuite>
</testsuites>