<testsuites name="jest tests">
  <testsuite name="Evaluasi API todos" errors="0" failures="1" skipped="0" timestamp="2018-01-31T07:42:11" time="2.292" tests="6">
    <testcase classname="Evaluasi API todos Meminta Sistem menampilkan seluruh daftar todos Sistem harus mengembalikan daftar todos" name="Evaluasi API todos Meminta Sistem menampilkan seluruh daftar todos Sistem harus mengembalikan daftar todos" time="0.938">
    </testcase>
    <testcase classname="Evaluasi API todos Membuat Todo baru Sistem menyimpan todo baru dan memberika pesan sukses &quot;Insert new todo successfuly&quot;" name="Evaluasi API todos Membuat Todo baru Sistem menyimpan todo baru dan memberika pesan sukses &quot;Insert new todo successfuly&quot;" time="0.101">
    </testcase>
    <testcase classname="Evaluasi API todos Membuat Todo baru Sistem gagal menyimpan todo baru karena data input tidak lengkap dan memberikan pesan gagal &quot;Insert new todo failed&quot;" name="Evaluasi API todos Membuat Todo baru Sistem gagal menyimpan todo baru karena data input tidak lengkap dan memberikan pesan gagal &quot;Insert new todo failed&quot;" time="0.098">
    </testcase>
    <testcase classname="Evaluasi API todos Meminta Sistem menampilkan sebuah todo berdasarkan ID Sistem harus mengembalikan sebuah todo berdasarkan ID" name="Evaluasi API todos Meminta Sistem menampilkan sebuah todo berdasarkan ID Sistem harus mengembalikan sebuah todo berdasarkan ID" time="0.118">
      <failure>Error: expect(object).toHaveProperty(path, value)

Expected the object:
  {&quot;code&quot;: &quot;GET-TODO&quot;, &quot;data&quot;: {&quot;__v&quot;: 0, &quot;_id&quot;: &quot;5a717355629bf773c79d3b27&quot;, &quot;created_at&quot;: &quot;2018-01-31T07:42:13.932Z&quot;, &quot;description&quot;: &quot;Todo 1 descriptions bla bla&quot;, &quot;name&quot;: &quot;Todo 1&quot;, &quot;status&quot;: &quot;Next task&quot;}, &quot;message&quot;: &quot;Get todo successfuly&quot;, &quot;status&quot;: true}
To have a nested property:
  &quot;status&quot;
With a value of:
  1
Received:
  true

Difference:

  Comparing two different types of values. Expected number but received boolean.
    at Test.request.get.expect.end (/home/aas/Documents/Research/JS Project/todo-apps-api/test/todo.test.js:92:28)
    at Test.Object.&lt;anonymous&gt;.Test.assert (/home/aas/Documents/Research/JS Project/todo-apps-api/node_modules/supertest/lib/test.js:179:6)
    at Server.assert (/home/aas/Documents/Research/JS Project/todo-apps-api/node_modules/supertest/lib/test.js:131:12)
    at Object.onceWrapper (events.js:314:30)
    at emitNone (events.js:105:13)
    at Server.emit (events.js:207:7)
    at emitCloseNT (net.js:1648:8)
    at _combinedTickCallback (internal/process/next_tick.js:135:11)
    at process._tickCallback (internal/process/next_tick.js:180:9)</failure>
    </testcase>
    <testcase classname="Evaluasi API todos Merubah Todo dengan data berbeda Sistem merubah todo dengan data berbeda dan memberikan pesan sukses &quot;Update new todo successfuly&quot;" name="Evaluasi API todos Merubah Todo dengan data berbeda Sistem merubah todo dengan data berbeda dan memberikan pesan sukses &quot;Update new todo successfuly&quot;" time="0.103">
    </testcase>
    <testcase classname="Evaluasi API todos Menghapus data Todo Sistem menghapus todo dan memberikan pesan sukses &quot;Delete new todo successfuly&quot;" name="Evaluasi API todos Menghapus data Todo Sistem menghapus todo dan memberikan pesan sukses &quot;Delete new todo successfuly&quot;" time="0.072">
    </testcase>
  </testsuite>
  <testsuite name="Cek end point API - todo-apps-api.apps.playcourt.id" errors="0" failures="0" skipped="0" timestamp="2018-01-31T07:42:14" time="0.17" tests="1">
    <testcase classname="Cek end point API - todo-apps-api.apps.playcourt.id End point mengembalikan pesan &quot;Wellcome to TODO Apps API&quot;" name="Cek end point API - todo-apps-api.apps.playcourt.id End point mengembalikan pesan &quot;Wellcome to TODO Apps API&quot;" time="0.047">
    </testcase>
  </testsuite>
</testsuites>