<testsuites name="jest tests">
  <testsuite name="### Todos endpoint Testing ###" errors="0" failures="0" skipped="0" timestamp="2018-01-31T03:02:08" time="2.129" tests="6">
    <testcase classname="### Todos endpoint Testing ### /GET Todos it should GET all todos" name="### Todos endpoint Testing ### /GET Todos it should GET all todos" time="0.775">
    </testcase>
    <testcase classname="### Todos endpoint Testing ### /POST Todos it should POST a book success with message Insert new todo successfuly" name="### Todos endpoint Testing ### /POST Todos it should POST a book success with message Insert new todo successfuly" time="0.119">
    </testcase>
    <testcase classname="### Todos endpoint Testing ### /POST Todos it should not POST a book without description" name="### Todos endpoint Testing ### /POST Todos it should not POST a book without description" time="0.301">
    </testcase>
    <testcase classname="### Todos endpoint Testing ### /GET/:id Todo it should GET a todo by the given id" name="### Todos endpoint Testing ### /GET/:id Todo it should GET a todo by the given id" time="0.123">
    </testcase>
    <testcase classname="### Todos endpoint Testing ### /PUT/ Todo it should UPDATE a todo given the id" name="### Todos endpoint Testing ### /PUT/ Todo it should UPDATE a todo given the id" time="0.144">
    </testcase>
    <testcase classname="### Todos endpoint Testing ### /DELETE/ Todo it should DELETE a todo given the id" name="### Todos endpoint Testing ### /DELETE/ Todo it should DELETE a todo given the id" time="0.133">
    </testcase>
  </testsuite>
  <testsuite name="### Main endpoint Testing ###" errors="0" failures="0" skipped="0" timestamp="2018-01-31T03:02:10" time="0.127" tests="1">
    <testcase classname="### Main endpoint Testing ### it should get json response with message Wellcome to TODO Apps API" name="### Main endpoint Testing ### it should get json response with message Wellcome to TODO Apps API" time="0.005">
    </testcase>
  </testsuite>
</testsuites>